[krystufek.rolecek.cz/index.html]
[backblue.gif]
[fade.gif]
[index.html]
[krystufek.rolecek.cz/styly.css]
[krystufek.rolecek.cz/images/krystufek.jpg]
[krystufek.rolecek.cz/images/medvidek-pu.jpg]
[krystufek.rolecek.cz/images/tygr.jpg]
[krystufek.rolecek.cz/images/prasatko.jpg]
[krystufek.rolecek.cz/images/oslik.jpg]
[krystufek.rolecek.cz/images/ru.jpg]
[krystufek.rolecek.cz/images/slonisko.jpg]
[krystufek.rolecek.cz/images/kralik.jpg]
[krystufek.rolecek.cz/images/sova.jpg]
[krystufek.rolecek.cz/images/kamaradi.jpg]
[krystufek.rolecek.cz/images/mapa.jpg]
[krystufek.rolecek.cz/index.html]
[krystufek.rolecek.cz/images/pattern.png]
[krystufek.rolecek.cz/styly.css]
[www.facebook.com/index.html]
